<?xml version="1.0" encoding="UTF-8"?>
<testsuite name="edu.coursera.parallel.StudentAnalyticsTest" time="2.484" tests="6" errors="2" skipped="0" failures="2">
  <properties>
[...]
</properties>
  <testcase name="testAverageAgeOfEnrolledStudents" classname="edu.coursera.parallel.StudentAnalyticsTest" time="0.272"/>
  <testcase name="testAverageAgeOfEnrolledStudentsPerf" classname="edu.coursera.parallel.StudentAnalyticsTest" time="0.369"/>
  <testcase name="testCountNumberOfFailedStudentsOlderThan20" classname="edu.coursera.parallel.StudentAnalyticsTest" time="0.205">
    <error type="java.lang.UnsupportedOperationException">java.lang.UnsupportedOperationException
	at edu.coursera.parallel.StudentAnalytics.countNumberOfFailedStudentsOlderThan20ParallelStream(StudentAnalytics.java:172)
	at edu.coursera.parallel.StudentAnalyticsTest.countNumberOfFailedStudentsOlderThan20Helper(StudentAnalyticsTest.java:139)
	at edu.coursera.parallel.StudentAnalyticsTest.testCountNumberOfFailedStudentsOlderThan20(StudentAnalyticsTest.java:155)
</error>
  </testcase>
  <testcase name="testMostCommonFirstNameOfInactiveStudents" classname="edu.coursera.parallel.StudentAnalyticsTest" time="0.389">
    <failure message="Mismatch in calculated values expected:&lt;[John]&gt; but was:&lt;[Optional[Yunming]]&gt;" type="junit.framework.ComparisonFailure">junit.framework.ComparisonFailure: Mismatch in calculated values expected:&lt;[John]&gt; but was:&lt;[Optional[Yunming]]&gt;	at junit.framework.Assert.assertEquals(Assert.java:81)	at edu.coursera.parallel.StudentAnalyticsTest.mostCommonFirstNameOfInactiveStudentsHelper(StudentAnalyticsTest.java:97)	at edu.coursera.parallel.StudentAnalyticsTest.testMostCommonFirstNameOfInactiveStudents(StudentAnalyticsTest.java:112)</failure>
  </testcase>
  <testcase name="testMostCommonFirstNameOfInactiveStudentsPerf" classname="edu.coursera.parallel.StudentAnalyticsTest" time="0.978">
    <failure message="Mismatch in calculated values expected:&lt;[John]&gt; but was:&lt;[Optional[Yunming]]&gt;" type="junit.framework.ComparisonFailure">junit.framework.ComparisonFailure: Mismatch in calculated values expected:&lt;[John]&gt; but was:&lt;[Optional[Yunming]]&gt;	at junit.framework.Assert.assertEquals(Assert.java:81)	at edu.coursera.parallel.StudentAnalyticsTest.mostCommonFirstNameOfInactiveStudentsHelper(StudentAnalyticsTest.java:97)	at edu.coursera.parallel.StudentAnalyticsTest.testMostCommonFirstNameOfInactiveStudentsPerf(StudentAnalyticsTest.java:120)</failure>
  </testcase>
  <testcase name="testCountNumberOfFailedStudentsOlderThan20Perf" classname="edu.coursera.parallel.StudentAnalyticsTest" time="0.271">
    <error type="java.lang.UnsupportedOperationException">java.lang.UnsupportedOperationException
	at edu.coursera.parallel.StudentAnalytics.countNumberOfFailedStudentsOlderThan20ParallelStream(StudentAnalytics.java:172)
	at edu.coursera.parallel.StudentAnalyticsTest.countNumberOfFailedStudentsOlderThan20Helper(StudentAnalyticsTest.java:139)
	at edu.coursera.parallel.StudentAnalyticsTest.testCountNumberOfFailedStudentsOlderThan20Perf(StudentAnalyticsTest.java:163)
</error>
  </testcase>
</testsuite>